  Circle2D.cpp
Circle2D.cpp(21): warning C4244: 'argument': conversion from 'const double' to 'GLfloat', possible loss of data
Circle2D.cpp(26): warning C4244: 'argument': conversion from 'const double' to 'GLfloat', possible loss of data
Circle2D.cpp(30): warning C4244: 'argument': conversion from 'double' to 'GLfloat', possible loss of data
  Color.cpp
  CompoundShape2D.cpp
CompoundShape2D.cpp(30): warning C4244: 'argument': conversion from 'const double' to 'GLfloat', possible loss of data
  GLUTScene.cpp
  Point2D.cpp
  Project2Main.cpp
  Rectangle2D.cpp
Rectangle2D.cpp(20): warning C4244: 'argument': conversion from 'const double' to 'GLfloat', possible loss of data
Rectangle2D.cpp(23): warning C4244: 'argument': conversion from 'const double' to 'GLfloat', possible loss of data
Rectangle2D.cpp(24): warning C4244: 'argument': conversion from 'double' to 'GLfloat', possible loss of data
Rectangle2D.cpp(24): warning C4244: 'argument': conversion from 'const double' to 'GLfloat', possible loss of data
Rectangle2D.cpp(25): warning C4244: 'argument': conversion from 'double' to 'GLfloat', possible loss of data
Rectangle2D.cpp(26): warning C4244: 'argument': conversion from 'const double' to 'GLfloat', possible loss of data
Rectangle2D.cpp(26): warning C4244: 'argument': conversion from 'double' to 'GLfloat', possible loss of data
  Scene.cpp
Scene.cpp(346): warning C4267: 'argument': conversion from 'size_t' to 'unsigned int', possible loss of data
Scene.cpp(375): warning C4244: 'initializing': conversion from 'float' to 'int', possible loss of data
Scene.cpp(376): warning C4244: 'initializing': conversion from 'float' to 'int', possible loss of data
Scene.cpp(385): warning C4244: 'initializing': conversion from 'float' to 'int', possible loss of data
Scene.cpp(388): warning C4244: 'argument': conversion from 'int' to 'float', possible loss of data
Scene.cpp(394): warning C4244: 'initializing': conversion from 'float' to 'int', possible loss of data
Scene.cpp(395): warning C4244: 'initializing': conversion from 'float' to 'int', possible loss of data
Scene.cpp(404): warning C4244: 'initializing': conversion from 'float' to 'int', possible loss of data
Scene.cpp(405): warning C4244: 'argument': conversion from 'int' to 'float', possible loss of data
Scene.cpp(411): warning C4244: 'initializing': conversion from 'float' to 'int', possible loss of data
Scene.cpp(412): warning C4244: 'initializing': conversion from 'float' to 'int', possible loss of data
Scene.cpp(421): warning C4244: 'initializing': conversion from 'float' to 'int', possible loss of data
Scene.cpp(422): warning C4244: 'argument': conversion from 'int' to 'float', possible loss of data
Scene.cpp(427): warning C4244: 'initializing': conversion from 'float' to 'int', possible loss of data
Scene.cpp(428): warning C4244: 'initializing': conversion from 'float' to 'int', possible loss of data
Scene.cpp(437): warning C4244: 'initializing': conversion from 'float' to 'int', possible loss of data
Scene.cpp(438): warning C4244: 'argument': conversion from 'int' to 'float', possible loss of data
Scene.cpp(444): warning C4244: 'initializing': conversion from 'float' to 'int', possible loss of data
Scene.cpp(445): warning C4244: 'initializing': conversion from 'float' to 'int', possible loss of data
Scene.cpp(454): warning C4244: 'initializing': conversion from 'float' to 'int', possible loss of data
Scene.cpp(455): warning C4244: 'argument': conversion from 'int' to 'float', possible loss of data
Scene.cpp(489): warning C4244: 'initializing': conversion from 'float' to 'int', possible loss of data
Scene.cpp(490): warning C4244: 'initializing': conversion from 'float' to 'int', possible loss of data
Scene.cpp(499): warning C4244: 'initializing': conversion from 'float' to 'int', possible loss of data
Scene.cpp(502): warning C4244: 'argument': conversion from 'int' to 'float', possible loss of data
Scene.cpp(508): warning C4244: 'initializing': conversion from 'float' to 'int', possible loss of data
Scene.cpp(509): warning C4244: 'initializing': conversion from 'float' to 'int', possible loss of data
Scene.cpp(518): warning C4244: 'initializing': conversion from 'float' to 'int', possible loss of data
Scene.cpp(519): warning C4244: 'argument': conversion from 'int' to 'float', possible loss of data
Scene.cpp(525): warning C4244: 'initializing': conversion from 'float' to 'int', possible loss of data
Scene.cpp(526): warning C4244: 'initializing': conversion from 'float' to 'int', possible loss of data
Scene.cpp(535): warning C4244: 'initializing': conversion from 'float' to 'int', possible loss of data
Scene.cpp(536): warning C4244: 'argument': conversion from 'int' to 'float', possible loss of data
Scene.cpp(541): warning C4244: 'initializing': conversion from 'float' to 'int', possible loss of data
Scene.cpp(542): warning C4244: 'initializing': conversion from 'float' to 'int', possible loss of data
Scene.cpp(551): warning C4244: 'initializing': conversion from 'float' to 'int', possible loss of data
Scene.cpp(552): warning C4244: 'argument': conversion from 'int' to 'float', possible loss of data
Scene.cpp(558): warning C4244: 'initializing': conversion from 'float' to 'int', possible loss of data
Scene.cpp(559): warning C4244: 'initializing': conversion from 'float' to 'int', possible loss of data
Scene.cpp(568): warning C4244: 'initializing': conversion from 'float' to 'int', possible loss of data
Scene.cpp(569): warning C4244: 'argument': conversion from 'int' to 'float', possible loss of data
  Shape2D.cpp
  Square2D.cpp
Square2D.cpp(20): warning C4244: 'argument': conversion from 'const double' to 'GLfloat', possible loss of data
Square2D.cpp(23): warning C4244: 'argument': conversion from 'const double' to 'GLfloat', possible loss of data
Square2D.cpp(24): warning C4244: 'argument': conversion from 'double' to 'GLfloat', possible loss of data
Square2D.cpp(24): warning C4244: 'argument': conversion from 'const double' to 'GLfloat', possible loss of data
Square2D.cpp(25): warning C4244: 'argument': conversion from 'double' to 'GLfloat', possible loss of data
Square2D.cpp(26): warning C4244: 'argument': conversion from 'const double' to 'GLfloat', possible loss of data
Square2D.cpp(26): warning C4244: 'argument': conversion from 'double' to 'GLfloat', possible loss of data
  Triangle2D.cpp
Triangle2D.cpp(21): warning C4244: 'argument': conversion from 'const double' to 'GLfloat', possible loss of data
Triangle2D.cpp(23): warning C4244: 'argument': conversion from 'const double' to 'GLfloat', possible loss of data
Triangle2D.cpp(24): warning C4244: 'argument': conversion from 'const double' to 'GLfloat', possible loss of data
Triangle2D.cpp(25): warning C4244: 'argument': conversion from 'const double' to 'GLfloat', possible loss of data
  Generating code
  170 of 170 functions (100.0%) were compiled, the rest were copied from previous compilation.
    17 functions were new in current compilation
    0 functions had inline decision re-evaluated but remain unchanged
  Finished generating code
  Project 2.vcxproj -> D:\Visual Studio 2015\Projects\Projects\Project 3 Solution\x64\Release\Project 2.exe
